<?xml version="1.0" encoding="UTF-8"?>
<!-- Generated by org.testng.reporters.JUnitReportReporter -->
<testsuite skipped="1" hostname="DESKTOP-7EPVU7N" name="com.orangeHRM.Test.LoginPageTest" tests="6" failures="0" timestamp="13 Jun 2022 01:34:03 GMT" time="15.409" errors="0">
  <testcase name="doLoginNegativeTest" time="4.673" classname="com.orangeHRM.Test.LoginPageTest"/>
  <testcase name="doLoginNegativeTest" time="4.817" classname="com.orangeHRM.Test.LoginPageTest"/>
  <testcase name="loginPageTitleTest" time="0.102" classname="com.orangeHRM.Test.LoginPageTest"/>
  <testcase name="forGotPasswordTest" time="0.573" classname="com.orangeHRM.Test.LoginPageTest"/>
  <testcase name="loginTest" time="5.244" classname="com.orangeHRM.Test.LoginPageTest"/>
  <testcase name="getCurrentURLTest" classname="com.orangeHRM.Test.LoginPageTest">
    <skipped/>
  </testcase> <!-- getCurrentURLTest -->
</testsuite> <!-- com.orangeHRM.Test.LoginPageTest -->
