<?xml version="1.0" encoding="UTF-8"?>
<!-- Generated by org.testng.reporters.JUnitReportReporter -->
<testsuite skipped="0" hostname="DESKTOP-7EPVU7N" name="com.orangeHRM.Test.AccountPageTest" tests="4" failures="0" timestamp="08 Jun 2022 09:45:30 GMT" time="2.056" errors="0">
  <testcase name="signOutLinkTest" time="0.548" classname="com.orangeHRM.Test.AccountPageTest"/>
  <testcase name="MyAccountListTest" time="0.711" classname="com.orangeHRM.Test.AccountPageTest"/>
  <testcase name="accountPageTitleTest" time="0.017" classname="com.orangeHRM.Test.AccountPageTest"/>
  <testcase name="accountPageSubHeaderTest" time="0.780" classname="com.orangeHRM.Test.AccountPageTest"/>
</testsuite> <!-- com.orangeHRM.Test.AccountPageTest -->
