<?xml version="1.0" encoding="UTF-8"?>
<!-- Generated by org.testng.reporters.JUnitReportReporter -->
<testsuite skipped="1" hostname="DESKTOP-7EPVU7N" name="com.orangeHRM.Test.LoginPageTest" tests="6" failures="0" timestamp="2022-06-14T14:59:19 IST" time="34.037" errors="0">
  <testcase name="doLoginNegativeTest" time="7.262" classname="com.orangeHRM.Test.LoginPageTest"/>
  <system-out/>
  <testcase name="doLoginNegativeTest" time="8.438" classname="com.orangeHRM.Test.LoginPageTest"/>
  <system-out/>
  <testcase name="loginPageTitleTest" time="0.431" classname="com.orangeHRM.Test.LoginPageTest"/>
  <system-out/>
  <testcase name="forGotPasswordTest" time="1.193" classname="com.orangeHRM.Test.LoginPageTest"/>
  <system-out/>
  <testcase name="loginTest" time="16.713" classname="com.orangeHRM.Test.LoginPageTest"/>
  <system-out/>
  <testcase name="getCurrentURLTest" classname="com.orangeHRM.Test.LoginPageTest">
    <skipped/>
  </testcase> <!-- getCurrentURLTest -->
  <system-out/>
</testsuite> <!-- com.orangeHRM.Test.LoginPageTest -->
