<?xml version="1.0" encoding="UTF-8"?>
<!-- Generated by org.testng.reporters.JUnitReportReporter -->
<testsuite skipped="1" hostname="DESKTOP-7EPVU7N" name="com.orangeHRM.Test.LoginPageTest" tests="6" failures="0" timestamp="13 Jun 2022 03:28:32 GMT" time="14.786" errors="0">
  <testcase name="doLoginNegativeTest" time="4.418" classname="com.orangeHRM.Test.LoginPageTest"/>
  <testcase name="doLoginNegativeTest" time="4.436" classname="com.orangeHRM.Test.LoginPageTest"/>
  <testcase name="loginPageTitleTest" time="0.232" classname="com.orangeHRM.Test.LoginPageTest"/>
  <testcase name="forGotPasswordTest" time="0.749" classname="com.orangeHRM.Test.LoginPageTest"/>
  <testcase name="loginTest" time="4.951" classname="com.orangeHRM.Test.LoginPageTest"/>
  <testcase name="getCurrentURLTest" classname="com.orangeHRM.Test.LoginPageTest">
    <skipped/>
  </testcase> <!-- getCurrentURLTest -->
</testsuite> <!-- com.orangeHRM.Test.LoginPageTest -->
